GROUP,PACKAGE,CLASS,INSTRUCTION_MISSED,INSTRUCTION_COVERED,BRANCH_MISSED,BRANCH_COVERED,LINE_MISSED,LINE_COVERED,COMPLEXITY_MISSED,COMPLEXITY_COVERED,METHOD_MISSED,METHOD_COVERED
com.irurueta:irurueta-geometry-io,com.irurueta.geometry.io,LoaderBinary.LoaderIteratorBinary,189,743,37,55,43,161,38,13,1,4
com.irurueta:irurueta-geometry-io,com.irurueta.geometry.io,Texture,1,106,1,7,0,32,1,19,0,16
com.irurueta:irurueta-geometry-io,com.irurueta.geometry.io,LoaderPLY.LoaderIteratorPLY.ZintReadValueFromBufferListener,17,0,0,0,3,0,2,0,2,0
com.irurueta:irurueta-geometry-io,com.irurueta.geometry.io,LoaderPLY.LoaderIteratorPLY.BlueFloat64ReadValueFromBufferListener,20,0,0,0,4,0,2,0,2,0
com.irurueta:irurueta-geometry-io,com.irurueta.geometry.io,MeshWriterJson,87,1023,31,107,14,222,31,52,0,14
com.irurueta:irurueta-geometry-io,com.irurueta.geometry.io,LoaderPLY.LoaderIteratorPLY.AlphaInt8ReadValueFromBufferListener,17,0,0,0,3,0,2,0,2,0
com.irurueta:irurueta-geometry-io,com.irurueta.geometry.io,MaterialOBJ,0,20,0,2,0,7,0,5,0,4
com.irurueta:irurueta-geometry-io,com.irurueta.geometry.io,VertexOBJ,0,71,0,8,0,20,0,17,0,13
com.irurueta:irurueta-geometry-io,com.irurueta.geometry.io,LoaderPLY.LoaderIteratorPLY.NZint8ReadValueFromBufferListener,17,0,0,0,3,0,2,0,2,0
com.irurueta:irurueta-geometry-io,com.irurueta.geometry.io,LoaderPLY.LoaderIteratorPLY.FaceFloat32ReadValueFromBufferListener,19,0,0,0,4,0,2,0,2,0
com.irurueta:irurueta-geometry-io,com.irurueta.geometry.io,LoaderPLY.LoaderIteratorPLY.AsciiInt16ReadValueFromStreamListener,37,0,4,0,9,0,4,0,2,0
com.irurueta:irurueta-geometry-io,com.irurueta.geometry.io,LoaderPLY.LoaderIteratorPLY.FaceUcharReadLengthValueFromBufferListener,0,16,0,0,0,3,0,2,0,2
com.irurueta:irurueta-geometry-io,com.irurueta.geometry.io,LoaderPLY.LoaderIteratorPLY.AsciiDoubleReadValueFromStreamListener,37,0,4,0,9,0,4,0,2,0
com.irurueta:irurueta-geometry-io,com.irurueta.geometry.io,LoaderPLY.LoaderIteratorPLY.BinaryBigEndianFloat32ReadValueFromStreamListener,19,0,0,0,4,0,2,0,2,0
com.irurueta:irurueta-geometry-io,com.irurueta.geometry.io,LoaderPLY.LoaderIteratorPLY.BinaryBigEndianShortReadValueFromStreamListener,19,0,0,0,4,0,2,0,2,0
com.irurueta:irurueta-geometry-io,com.irurueta.geometry.io,LoaderPLY.LoaderIteratorPLY.BlueFloatReadValueFromBufferListener,20,0,0,0,4,0,2,0,2,0
com.irurueta:irurueta-geometry-io,com.irurueta.geometry.io,LoaderPLY.LoaderIteratorPLY.AlphaFloat64ReadValueFromBufferListener,20,0,0,0,4,0,2,0,2,0
com.irurueta:irurueta-geometry-io,com.irurueta.geometry.io,LoaderPLY.LoaderIteratorPLY.RedInt8ReadValueFromBufferListener,17,0,0,0,3,0,2,0,2,0
com.irurueta:irurueta-geometry-io,com.irurueta.geometry.io,LoaderPLY.LoaderIteratorPLY.NYcharReadValueFromBufferListener,17,0,0,0,3,0,2,0,2,0
com.irurueta:irurueta-geometry-io,com.irurueta.geometry.io,LoaderPLY.LoaderIteratorPLY.Zint8ReadValueFromBufferListener,17,0,0,0,3,0,2,0,2,0
com.irurueta:irurueta-geometry-io,com.irurueta.geometry.io,LoaderPLY.LoaderIteratorPLY.AsciiShortReadValueFromStreamListener,37,0,4,0,9,0,4,0,2,0
com.irurueta:irurueta-geometry-io,com.irurueta.geometry.io,LoaderPLY.LoaderIteratorPLY.AlphaCharReadValueFromBufferListener,17,0,0,0,3,0,2,0,2,0
com.irurueta:irurueta-geometry-io,com.irurueta.geometry.io,LoaderPLY.LoaderIteratorPLY.NZfloatReadValueFromBufferListener,0,16,0,0,0,3,0,2,0,2
com.irurueta:irurueta-geometry-io,com.irurueta.geometry.io,LoaderPLY.LoaderIteratorPLY.BinaryLittleEndianIntReadValueFromStreamListener,0,19,0,0,0,4,0,2,0,2
com.irurueta:irurueta-geometry-io,com.irurueta.geometry.io,PropertyPLY,12,243,7,34,3,64,7,38,0,24
com.irurueta:irurueta-geometry-io,com.irurueta.geometry.io,LoaderPLY.LoaderIteratorPLY.ZcharReadValueFromBufferListener,17,0,0,0,3,0,2,0,2,0
com.irurueta:irurueta-geometry-io,com.irurueta.geometry.io,LoaderPLY.LoaderIteratorPLY.NXuint32ReadValueFromBufferListener,17,0,0,0,3,0,2,0,2,0
com.irurueta:irurueta-geometry-io,com.irurueta.geometry.io,LoaderPLY.LoaderIteratorPLY.BinaryCharReadValueFromStreamListener,18,0,0,0,4,0,2,0,2,0
com.irurueta:irurueta-geometry-io,com.irurueta.geometry.io,LoaderPLY.LoaderIteratorPLY.NZuint32ReadValueFromBufferListener,17,0,0,0,3,0,2,0,2,0
com.irurueta:irurueta-geometry-io,com.irurueta.geometry.io,LoaderPLY.LoaderIteratorPLY.BinaryLittleEndianUint32ReadValueFromStreamListener,19,0,0,0,4,0,2,0,2,0
com.irurueta:irurueta-geometry-io,com.irurueta.geometry.io,InvalidTextureException,0,16,0,0,0,8,0,4,0,4
com.irurueta:irurueta-geometry-io,com.irurueta.geometry.io,LoaderPLY.LoaderIteratorPLY.AsciiVertexFetcherListener,18,135,8,14,3,29,7,6,0,2
com.irurueta:irurueta-geometry-io,com.irurueta.geometry.io,LoaderPLY.LoaderIteratorPLY.AlphaUcharReadValueFromBufferListener,0,16,0,0,0,3,0,2,0,2
com.irurueta:irurueta-geometry-io,com.irurueta.geometry.io,Util,3,158,0,20,1,54,1,40,1,30
com.irurueta:irurueta-geometry-io,com.irurueta.geometry.io,LoaderPLY.LoaderIteratorPLY.NZcharReadValueFromBufferListener,17,0,0,0,3,0,2,0,2,0
com.irurueta:irurueta-geometry-io,com.irurueta.geometry.io,LoaderPLY.LoaderIteratorPLY.NYintReadValueFromBufferListener,17,0,0,0,3,0,2,0,2,0
com.irurueta:irurueta-geometry-io,com.irurueta.geometry.io,LoaderPLY.LoaderIteratorPLY.AsciiInt32ReadValueFromStreamListener,37,0,4,0,9,0,4,0,2,0
com.irurueta:irurueta-geometry-io,com.irurueta.geometry.io,LoaderPLY.LoaderIteratorPLY.Xfloat32ReadValueFromBufferListener,16,0,0,0,3,0,2,0,2,0
com.irurueta:irurueta-geometry-io,com.irurueta.geometry.io,LoaderPLY.LoaderIteratorPLY.YcharReadValueFromBufferListener,17,0,0,0,3,0,2,0,2,0
com.irurueta:irurueta-geometry-io,com.irurueta.geometry.io,HeaderPLY,36,102,6,6,8,26,6,8,0,7
com.irurueta:irurueta-geometry-io,com.irurueta.geometry.io,LoaderPLY.LoaderIteratorPLY.BinaryBigEndianInt32ReadValueFromStreamListener,19,0,0,0,4,0,2,0,2,0
com.irurueta:irurueta-geometry-io,com.irurueta.geometry.io,LoaderPLY.LoaderIteratorPLY.NZuint16ReadValueFromBufferListener,17,0,0,0,3,0,2,0,2,0
com.irurueta:irurueta-geometry-io,com.irurueta.geometry.io,LoaderPLY.LoaderIteratorPLY.BinaryLittleEndianDoubleReadValueFromStreamListener,19,0,0,0,4,0,2,0,2,0
com.irurueta:irurueta-geometry-io,com.irurueta.geometry.io,LoaderPLY.LoaderIteratorPLY.FaceUint16ReadLengthValueFromBufferListener,16,0,0,0,3,0,2,0,2,0
com.irurueta:irurueta-geometry-io,com.irurueta.geometry.io,LoaderSTL.LoaderIteratorListenerImpl,1,30,1,1,0,9,1,2,0,2
com.irurueta:irurueta-geometry-io,com.irurueta.geometry.io,LoaderPLY.LoaderIteratorPLY.BinaryVertexFetcherListener,4,40,1,3,1,7,1,3,0,2
com.irurueta:irurueta-geometry-io,com.irurueta.geometry.io,LoaderPLY.LoaderIteratorPLY.ZfloatReadValueFromBufferListener,0,16,0,0,0,3,0,2,0,2
com.irurueta:irurueta-geometry-io,com.irurueta.geometry.io,LoaderPLY.LoaderIteratorPLY.AsciiUint16ReadValueFromStreamListener,37,0,4,0,9,0,4,0,2,0
com.irurueta:irurueta-geometry-io,com.irurueta.geometry.io,LoaderPLY.LoaderIteratorPLY.YushortReadValueFromBufferListener,17,0,0,0,3,0,2,0,2,0
com.irurueta:irurueta-geometry-io,com.irurueta.geometry.io,LoaderPLY.LoaderIteratorPLY.AsciiUshortReadValueFromStreamListener,37,0,4,0,9,0,4,0,2,0
com.irurueta:irurueta-geometry-io,com.irurueta.geometry.io,LoaderPLY.LoaderIteratorPLY.FaceInt8ReadLengthValueFromBufferListener,16,0,0,0,3,0,2,0,2,0
com.irurueta:irurueta-geometry-io,com.irurueta.geometry.io,LoaderPLY.LoaderIteratorPLY.GreenDoubleReadValueFromBufferListener,20,0,0,0,4,0,2,0,2,0
com.irurueta:irurueta-geometry-io,com.irurueta.geometry.io,LoaderOBJ.LoaderIteratorOBJ,400,2397,124,236,99,551,114,88,2,20
com.irurueta:irurueta-geometry-io,com.irurueta.geometry.io,LoaderPLY.LoaderIteratorPLY.FaceUint32ReadLengthValueFromBufferListener,19,0,0,0,4,0,2,0,2,0
com.irurueta:irurueta-geometry-io,com.irurueta.geometry.io,LoaderPLY.LoaderIteratorPLY.FaceDoubleReadLengthValueFromBufferListener,19,0,0,0,4,0,2,0,2,0
com.irurueta:irurueta-geometry-io,com.irurueta.geometry.io,LoaderPLY.LoaderIteratorPLY.FaceUint8ReadValueFromBufferListener,17,0,0,0,3,0,2,0,2,0
com.irurueta:irurueta-geometry-io,com.irurueta.geometry.io,LoaderPLY.LoaderIteratorPLY.AsciiCharReadValueFromStreamListener,37,0,4,0,9,0,4,0,2,0
com.irurueta:irurueta-geometry-io,com.irurueta.geometry.io,LoaderPLY.LoaderIteratorPLY.FaceUintReadLengthValueFromBufferListener,19,0,0,0,4,0,2,0,2,0
com.irurueta:irurueta-geometry-io,com.irurueta.geometry.io,LoaderPLY.LoaderIteratorPLY.GreenUshortReadValueFromBufferListener,19,0,0,0,4,0,2,0,2,0
com.irurueta:irurueta-geometry-io,com.irurueta.geometry.io,LoaderPLY.LoaderIteratorPLY.NXdoubleReadValueFromBufferListener,19,0,0,0,4,0,2,0,2,0
com.irurueta:irurueta-geometry-io,com.irurueta.geometry.io,LoaderPLY.LoaderIteratorPLY.BinaryBigEndianInt16ReadValueFromStreamListener,19,0,0,0,4,0,2,0,2,0
com.irurueta:irurueta-geometry-io,com.irurueta.geometry.io,LoaderPLY.LoaderIteratorPLY.Yuint16ReadValueFromBufferListener,17,0,0,0,3,0,2,0,2,0
com.irurueta:irurueta-geometry-io,com.irurueta.geometry.io,LoaderPLY.LoaderIteratorPLY.FaceFloatReadLengthValueFromBufferListener,19,0,0,0,4,0,2,0,2,0
com.irurueta:irurueta-geometry-io,com.irurueta.geometry.io,LoaderPLY.LoaderIteratorPLY.BinaryUcharReadValueFromStreamListener,0,18,0,0,0,4,0,2,0,2
com.irurueta:irurueta-geometry-io,com.irurueta.geometry.io,LoaderPLY.LoaderIteratorPLY.AsciiUint32ReadValueFromStreamListener,37,0,4,0,9,0,4,0,2,0
com.irurueta:irurueta-geometry-io,com.irurueta.geometry.io,LoaderPLY.LoaderIteratorPLY.BlueInt8ReadValueFromBufferListener,17,0,0,0,3,0,2,0,2,0
com.irurueta:irurueta-geometry-io,com.irurueta.geometry.io,LoaderPLY.LoaderIteratorPLY.XcharReadValueFromBufferListener,17,0,0,0,3,0,2,0,2,0
com.irurueta:irurueta-geometry-io,com.irurueta.geometry.io,LoaderPLY.LoaderIteratorPLY.NYfloat64ReadValueFromBufferListener,19,0,0,0,4,0,2,0,2,0
com.irurueta:irurueta-geometry-io,com.irurueta.geometry.io,LoaderPLY.LoaderIteratorPLY.FaceInt32ReadValueFromBufferListener,17,0,0,0,3,0,2,0,2,0
com.irurueta:irurueta-geometry-io,com.irurueta.geometry.io,LoaderPLY.LoaderIteratorPLY.GreenInt16ReadValueFromBufferListener,16,0,0,0,3,0,2,0,2,0
com.irurueta:irurueta-geometry-io,com.irurueta.geometry.io,LoaderPLY.LoaderIteratorPLY.AlphaInt16ReadValueFromBufferListener,16,0,0,0,3,0,2,0,2,0
com.irurueta:irurueta-geometry-io,com.irurueta.geometry.io,LoaderPLY.LoaderIteratorPLY.Zuint32ReadValueFromBufferListener,17,0,0,0,3,0,2,0,2,0
com.irurueta:irurueta-geometry-io,com.irurueta.geometry.io,LoaderPLY.LoaderIteratorPLY.Yuint32ReadValueFromBufferListener,17,0,0,0,3,0,2,0,2,0
com.irurueta:irurueta-geometry-io,com.irurueta.geometry.io,LoaderPLY.LoaderIteratorPLY.GreenFloat64ReadValueFromBufferListener,20,0,0,0,4,0,2,0,2,0
com.irurueta:irurueta-geometry-io,com.irurueta.geometry.io,LoaderPLY.LoaderIteratorPLY.Xint32ReadValueFromBufferListener,17,0,0,0,3,0,2,0,2,0
com.irurueta:irurueta-geometry-io,com.irurueta.geometry.io,LoaderPLY.LoaderIteratorPLY.GreenCharReadValueFromBufferListener,17,0,0,0,3,0,2,0,2,0
com.irurueta:irurueta-geometry-io,com.irurueta.geometry.io,LoaderPLY.LoaderIteratorPLY.GreenUint32ReadValueFromBufferListener,20,0,0,0,4,0,2,0,2,0
com.irurueta:irurueta-geometry-io,com.irurueta.geometry.io,GeometryIOException,0,16,0,0,0,8,0,4,0,4
com.irurueta:irurueta-geometry-io,com.irurueta.geometry.io,LoaderPLY.LoaderIteratorPLY.NXcharReadValueFromBufferListener,17,0,0,0,3,0,2,0,2,0
com.irurueta:irurueta-geometry-io,com.irurueta.geometry.io,LoaderPLY.LoaderIteratorPLY.FaceFloatReadValueFromBufferListener,19,0,0,0,4,0,2,0,2,0
com.irurueta:irurueta-geometry-io,com.irurueta.geometry.io,LoaderPLY.LoaderIteratorPLY.BinaryUint8ReadValueFromStreamListener,18,0,0,0,4,0,2,0,2,0
com.irurueta:irurueta-geometry-io,com.irurueta.geometry.io,LoaderPLY.LoaderIteratorPLY.Yint8ReadValueFromBufferListener,17,0,0,0,3,0,2,0,2,0
com.irurueta:irurueta-geometry-io,com.irurueta.geometry.io,LoaderOBJ,15,508,1,19,5,167,4,38,3,29
com.irurueta:irurueta-geometry-io,com.irurueta.geometry.io,LoaderPLY.LoaderIteratorPLY.NYushortReadValueFromBufferListener,17,0,0,0,3,0,2,0,2,0
com.irurueta:irurueta-geometry-io,com.irurueta.geometry.io,LoaderPLY.LoaderIteratorPLY.NXshortReadValueFromBufferListener,17,0,0,0,3,0,2,0,2,0
com.irurueta:irurueta-geometry-io,com.irurueta.geometry.io,LoaderPLY.LoaderIteratorPLY.AlphaUshortReadValueFromBufferListener,19,0,0,0,4,0,2,0,2,0
com.irurueta:irurueta-geometry-io,com.irurueta.geometry.io,LoaderPLY.LoaderIteratorPLY.XfloatReadValueFromBufferListener,0,16,0,0,0,3,0,2,0,2
com.irurueta:irurueta-geometry-io,com.irurueta.geometry.io,LoaderPLY.LoaderIteratorPLY.AlphaDoubleReadValueFromBufferListener,20,0,0,0,4,0,2,0,2,0
com.irurueta:irurueta-geometry-io,com.irurueta.geometry.io,LoaderPLY.LoaderIteratorPLY.RedCharReadValueFromBufferListener,17,0,0,0,3,0,2,0,2,0
com.irurueta:irurueta-geometry-io,com.irurueta.geometry.io,BuildInfo,12,113,2,4,4,31,2,11,0,10
com.irurueta:irurueta-geometry-io,com.irurueta.geometry.io,LockedException,0,16,0,0,0,8,0,4,0,4
com.irurueta:irurueta-geometry-io,com.irurueta.geometry.io,LoaderPLY.LoaderIteratorPLY.YfloatReadValueFromBufferListener,0,16,0,0,0,3,0,2,0,2
com.irurueta:irurueta-geometry-io,com.irurueta.geometry.io,LoaderPLY.LoaderIteratorPLY.Yint32ReadValueFromBufferListener,17,0,0,0,3,0,2,0,2,0
com.irurueta:irurueta-geometry-io,com.irurueta.geometry.io,LoaderPLY.LoaderIteratorPLY.AlphaShortReadValueFromBufferListener,16,0,0,0,3,0,2,0,2,0
com.irurueta:irurueta-geometry-io,com.irurueta.geometry.io,DataTypePLY,34,259,16,18,16,40,15,6,0,4
com.irurueta:irurueta-geometry-io,com.irurueta.geometry.io,LoaderPLY.LoaderIteratorPLY.NXint16ReadValueFromBufferListener,17,0,0,0,3,0,2,0,2,0
com.irurueta:irurueta-geometry-io,com.irurueta.geometry.io,LoaderPLY.LoaderIteratorPLY.BinaryInt8ReadValueFromStreamListener,18,0,0,0,4,0,2,0,2,0
com.irurueta:irurueta-geometry-io,com.irurueta.geometry.io,LoaderPLY.LoaderIteratorPLY.Xuint16ReadValueFromBufferListener,17,0,0,0,3,0,2,0,2,0
com.irurueta:irurueta-geometry-io,com.irurueta.geometry.io,LoaderPLY.LoaderIteratorPLY.RedIntReadValueFromBufferListener,19,0,0,0,4,0,2,0,2,0
com.irurueta:irurueta-geometry-io,com.irurueta.geometry.io,LoaderPLY.LoaderIteratorPLY.BinaryBigEndianDoubleReadValueFromStreamListener,19,0,0,0,4,0,2,0,2,0
com.irurueta:irurueta-geometry-io,com.irurueta.geometry.io,LoaderPLY.LoaderIteratorPLY.AsciiUintReadValueFromStreamListener,37,0,4,0,9,0,4,0,2,0
com.irurueta:irurueta-geometry-io,com.irurueta.geometry.io,LoaderPLY.LoaderIteratorPLY.BlueIntReadValueFromBufferListener,19,0,0,0,4,0,2,0,2,0
com.irurueta:irurueta-geometry-io,com.irurueta.geometry.io,LoaderPLY.LoaderIteratorPLY.YintReadValueFromBufferListener,17,0,0,0,3,0,2,0,2,0
com.irurueta:irurueta-geometry-io,com.irurueta.geometry.io,LoaderPLY.LoaderIteratorPLY.Yuint8ReadValueFromBufferListener,17,0,0,0,3,0,2,0,2,0
com.irurueta:irurueta-geometry-io,com.irurueta.geometry.io,LoaderPLY.LoaderIteratorPLY.RedInt16ReadValueFromBufferListener,16,0,0,0,3,0,2,0,2,0
com.irurueta:irurueta-geometry-io,com.irurueta.geometry.io,LoaderPLY.LoaderIteratorPLY.FaceUint8ReadLengthValueFromBufferListener,16,0,0,0,3,0,2,0,2,0
com.irurueta:irurueta-geometry-io,com.irurueta.geometry.io,LoaderPLY.LoaderIteratorPLY.NYuint16ReadValueFromBufferListener,17,0,0,0,3,0,2,0,2,0
com.irurueta:irurueta-geometry-io,com.irurueta.geometry.io,LoaderPLY.LoaderIteratorPLY.BlueInt16ReadValueFromBufferListener,16,0,0,0,3,0,2,0,2,0
com.irurueta:irurueta-geometry-io,com.irurueta.geometry.io,LoaderPLY.LoaderIteratorPLY.Xint8ReadValueFromBufferListener,17,0,0,0,3,0,2,0,2,0
com.irurueta:irurueta-geometry-io,com.irurueta.geometry.io,LoaderPLY.LoaderIteratorPLY.XushortReadValueFromBufferListener,17,0,0,0,3,0,2,0,2,0
com.irurueta:irurueta-geometry-io,com.irurueta.geometry.io,LoaderPLY.LoaderIteratorPLY.NYfloat32ReadValueFromBufferListener,16,0,0,0,3,0,2,0,2,0
com.irurueta:irurueta-geometry-io,com.irurueta.geometry.io,LoaderPLY.LoaderIteratorPLY.RedFloat32ReadValueFromBufferListener,20,0,0,0,4,0,2,0,2,0
com.irurueta:irurueta-geometry-io,com.irurueta.geometry.io,LoaderPLY.LoaderIteratorPLY.Yfloat64ReadValueFromBufferListener,19,0,0,0,4,0,2,0,2,0
com.irurueta:irurueta-geometry-io,com.irurueta.geometry.io,LoaderPLY.LoaderIteratorPLY.GreenFloat32ReadValueFromBufferListener,20,0,0,0,4,0,2,0,2,0
com.irurueta:irurueta-geometry-io,com.irurueta.geometry.io,LoaderPLY.LoaderIteratorPLY.FaceIntReadValueFromBufferListener,0,17,0,0,0,3,0,2,0,2
com.irurueta:irurueta-geometry-io,com.irurueta.geometry.io,LoaderPLY.LoaderIteratorPLY.NYint16ReadValueFromBufferListener,17,0,0,0,3,0,2,0,2,0
com.irurueta:irurueta-geometry-io,com.irurueta.geometry.io,LoaderPLY.LoaderIteratorPLY.XucharReadValueFromBufferListener,17,0,0,0,3,0,2,0,2,0
com.irurueta:irurueta-geometry-io,com.irurueta.geometry.io,LoaderPLY.LoaderIteratorPLY.BlueUshortReadValueFromBufferListener,19,0,0,0,4,0,2,0,2,0
com.irurueta:irurueta-geometry-io,com.irurueta.geometry.io,LoaderPLY.LoaderIteratorPLY.FaceInt32ReadLengthValueFromBufferListener,16,0,0,0,3,0,2,0,2,0
com.irurueta:irurueta-geometry-io,com.irurueta.geometry.io,LoaderPLY.LoaderIteratorPLY.GreenShortReadValueFromBufferListener,16,0,0,0,3,0,2,0,2,0
com.irurueta:irurueta-geometry-io,com.irurueta.geometry.io,LoaderPLY.LoaderIteratorPLY.RedShortReadValueFromBufferListener,16,0,0,0,3,0,2,0,2,0
com.irurueta:irurueta-geometry-io,com.irurueta.geometry.io,PLYStorageMode,0,34,0,0,0,4,0,1,0,1
com.irurueta:irurueta-geometry-io,com.irurueta.geometry.io,LoaderPLY.LoaderIteratorPLY.RedFloat64ReadValueFromBufferListener,20,0,0,0,4,0,2,0,2,0
com.irurueta:irurueta-geometry-io,com.irurueta.geometry.io,LoaderPLY.LoaderIteratorPLY.NYint8ReadValueFromBufferListener,17,0,0,0,3,0,2,0,2,0
com.irurueta:irurueta-geometry-io,com.irurueta.geometry.io,LoaderPLY.LoaderIteratorPLY.BinaryBigEndianFloat64ReadValueFromStreamListener,19,0,0,0,4,0,2,0,2,0
com.irurueta:irurueta-geometry-io,com.irurueta.geometry.io,LoaderPLY.LoaderIteratorPLY.Zuint8ReadValueFromBufferListener,17,0,0,0,3,0,2,0,2,0
com.irurueta:irurueta-geometry-io,com.irurueta.geometry.io,LoaderPLY.LoaderIteratorPLY.BlueUint16ReadValueFromBufferListener,19,0,0,0,4,0,2,0,2,0
com.irurueta:irurueta-geometry-io,com.irurueta.geometry.io,LoaderPLY.LoaderIteratorPLY.XdoubleReadValueFromBufferListener,19,0,0,0,4,0,2,0,2,0
com.irurueta:irurueta-geometry-io,com.irurueta.geometry.io,LoaderPLY.LoaderIteratorPLY.FaceUcharReadValueFromBufferListener,17,0,0,0,3,0,2,0,2,0
com.irurueta:irurueta-geometry-io,com.irurueta.geometry.io,AbstractFileReaderAndWriter,0,12,0,2,0,3,0,3,0,2
com.irurueta:irurueta-geometry-io,com.irurueta.geometry.io,LoaderPLY.LoaderIteratorPLY.FaceUint32ReadValueFromBufferListener,16,0,0,0,3,0,2,0,2,0
com.irurueta:irurueta-geometry-io,com.irurueta.geometry.io,LoaderPLY.LoaderIteratorPLY.AlphaUintReadValueFromBufferListener,20,0,0,0,4,0,2,0,2,0
com.irurueta:irurueta-geometry-io,com.irurueta.geometry.io,LoaderPLY.LoaderIteratorPLY.NXint8ReadValueFromBufferListener,17,0,0,0,3,0,2,0,2,0
com.irurueta:irurueta-geometry-io,com.irurueta.geometry.io,LoaderPLY.LoaderIteratorPLY.NYshortReadValueFromBufferListener,17,0,0,0,3,0,2,0,2,0
com.irurueta:irurueta-geometry-io,com.irurueta.geometry.io,LoaderPLY.LoaderIteratorPLY.GreenInt8ReadValueFromBufferListener,17,0,0,0,3,0,2,0,2,0
com.irurueta:irurueta-geometry-io,com.irurueta.geometry.io,LoaderPLY.LoaderIteratorPLY.BinaryLittleEndianFloatReadValueFromStreamListener,0,19,0,0,0,4,0,2,0,2
com.irurueta:irurueta-geometry-io,com.irurueta.geometry.io,LoaderPLY.LoaderIteratorPLY.NZint16ReadValueFromBufferListener,17,0,0,0,3,0,2,0,2,0
com.irurueta:irurueta-geometry-io,com.irurueta.geometry.io,LoaderPLY.LoaderIteratorPLY.BlueUint32ReadValueFromBufferListener,20,0,0,0,4,0,2,0,2,0
com.irurueta:irurueta-geometry-io,com.irurueta.geometry.io,LoaderPLY.LoaderIteratorPLY.Yfloat32ReadValueFromBufferListener,16,0,0,0,3,0,2,0,2,0
com.irurueta:irurueta-geometry-io,com.irurueta.geometry.io,LoaderPLY.LoaderIteratorPLY.NYint32ReadValueFromBufferListener,17,0,0,0,3,0,2,0,2,0
com.irurueta:irurueta-geometry-io,com.irurueta.geometry.io,LoaderPLY.LoaderIteratorPLY.GreenUcharReadValueFromBufferListener,0,16,0,0,0,3,0,2,0,2
com.irurueta:irurueta-geometry-io,com.irurueta.geometry.io,LoaderPLY.LoaderIteratorPLY.FaceIntReadLengthValueFromBufferListener,16,0,0,0,3,0,2,0,2,0
com.irurueta:irurueta-geometry-io,com.irurueta.geometry.io,LoaderPLY.LoaderIteratorPLY.YucharReadValueFromBufferListener,17,0,0,0,3,0,2,0,2,0
com.irurueta:irurueta-geometry-io,com.irurueta.geometry.io,LoaderPLY.LoaderIteratorPLY.AsciiFloat32ReadValueFromStreamListener,37,0,4,0,9,0,4,0,2,0
com.irurueta:irurueta-geometry-io,com.irurueta.geometry.io,LoaderPLY.LoaderIteratorPLY.FaceShortReadLengthValueFromBufferListener,16,0,0,0,3,0,2,0,2,0
com.irurueta:irurueta-geometry-io,com.irurueta.geometry.io,MaterialLoader,79,139,12,6,21,47,11,14,4,12
com.irurueta:irurueta-geometry-io,com.irurueta.geometry.io,Loader,32,160,6,12,6,51,6,16,0,13
com.irurueta:irurueta-geometry-io,com.irurueta.geometry.io,LoaderPLY.LoaderIteratorPLY.BlueDoubleReadValueFromBufferListener,20,0,0,0,4,0,2,0,2,0
com.irurueta:irurueta-geometry-io,com.irurueta.geometry.io,LoaderPLY.LoaderIteratorPLY.BinaryLittleEndianUintReadValueFromStreamListener,19,0,0,0,4,0,2,0,2,0
com.irurueta:irurueta-geometry-io,com.irurueta.geometry.io,LoaderPLY.LoaderIteratorPLY.FaceFloat64ReadLengthValueFromBufferListener,19,0,0,0,4,0,2,0,2,0
com.irurueta:irurueta-geometry-io,com.irurueta.geometry.io,LoaderBinary,31,248,11,23,7,70,11,14,0,8
com.irurueta:irurueta-geometry-io,com.irurueta.geometry.io,LoaderPLY.LoaderIteratorPLY.BinaryLittleEndianInt32ReadValueFromStreamListener,19,0,0,0,4,0,2,0,2,0
com.irurueta:irurueta-geometry-io,com.irurueta.geometry.io,LoaderPLY.LoaderIteratorPLY.BinaryBigEndianUintReadValueFromStreamListener,19,0,0,0,4,0,2,0,2,0
com.irurueta:irurueta-geometry-io,com.irurueta.geometry.io,Material3DS,26,0,2,0,10,0,6,0,5,0
com.irurueta:irurueta-geometry-io,com.irurueta.geometry.io,NotAvailableException,0,16,0,0,0,8,0,4,0,4
com.irurueta:irurueta-geometry-io,com.irurueta.geometry.io,LoaderPLY.LoaderIteratorPLY.BlueUintReadValueFromBufferListener,20,0,0,0,4,0,2,0,2,0
com.irurueta:irurueta-geometry-io,com.irurueta.geometry.io,Material,0,355,6,44,0,101,6,79,0,60
com.irurueta:irurueta-geometry-io,com.irurueta.geometry.io,LoaderPLY.LoaderIteratorPLY.AsciiFloatReadValueFromStreamListener,6,31,1,3,2,7,1,3,0,2
com.irurueta:irurueta-geometry-io,com.irurueta.geometry.io,LoaderPLY.LoaderIteratorPLY.FaceInt16ReadLengthValueFromBufferListener,16,0,0,0,3,0,2,0,2,0
com.irurueta:irurueta-geometry-io,com.irurueta.geometry.io,LoaderPLY.LoaderIteratorPLY.NXint32ReadValueFromBufferListener,17,0,0,0,3,0,2,0,2,0
com.irurueta:irurueta-geometry-io,com.irurueta.geometry.io,LoaderPLY.LoaderIteratorPLY.NZshortReadValueFromBufferListener,17,0,0,0,3,0,2,0,2,0
com.irurueta:irurueta-geometry-io,com.irurueta.geometry.io,LoaderPLY.LoaderIteratorPLY.NYdoubleReadValueFromBufferListener,19,0,0,0,4,0,2,0,2,0
com.irurueta:irurueta-geometry-io,com.irurueta.geometry.io,LoaderPLY.LoaderIteratorPLY.FaceUintReadValueFromBufferListener,16,0,0,0,3,0,2,0,2,0
com.irurueta:irurueta-geometry-io,com.irurueta.geometry.io,LoaderPLY.LoaderIteratorPLY.BlueInt32ReadValueFromBufferListener,19,0,0,0,4,0,2,0,2,0
com.irurueta:irurueta-geometry-io,com.irurueta.geometry.io,LoaderPLY.LoaderIteratorPLY.BinaryBigEndianIntReadValueFromStreamListener,0,19,0,0,0,4,0,2,0,2
com.irurueta:irurueta-geometry-io,com.irurueta.geometry.io,LoaderPLY.LoaderIteratorPLY.Xuint8ReadValueFromBufferListener,17,0,0,0,3,0,2,0,2,0
com.irurueta:irurueta-geometry-io,com.irurueta.geometry.io,MeshFormat,0,54,0,0,0,6,0,1,0,1
com.irurueta:irurueta-geometry-io,com.irurueta.geometry.io,LoaderPLY.LoaderIteratorPLY.BinaryLittleEndianInt16ReadValueFromStreamListener,19,0,0,0,4,0,2,0,2,0
com.irurueta:irurueta-geometry-io,com.irurueta.geometry.io,LoaderPLY.LoaderIteratorPLY.FaceCharReadLengthValueFromBufferListener,16,0,0,0,3,0,2,0,2,0
com.irurueta:irurueta-geometry-io,com.irurueta.geometry.io,DataChunk,35,144,10,4,5,52,10,30,5,28
com.irurueta:irurueta-geometry-io,com.irurueta.geometry.io,EndianType,0,24,0,0,0,3,0,1,0,1
com.irurueta:irurueta-geometry-io,com.irurueta.geometry.io,Loader3DS,862,0,165,0,234,0,137,0,23,0
com.irurueta:irurueta-geometry-io,com.irurueta.geometry.io,LoaderPLY.LoaderIteratorPLY.GreenUint8ReadValueFromBufferListener,16,0,0,0,3,0,2,0,2,0
com.irurueta:irurueta-geometry-io,com.irurueta.geometry.io,LoaderPLY.LoaderIteratorPLY.RedUint16ReadValueFromBufferListener,19,0,0,0,4,0,2,0,2,0
com.irurueta:irurueta-geometry-io,com.irurueta.geometry.io,LoaderPLY.LoaderIteratorPLY.NZfloat32ReadValueFromBufferListener,16,0,0,0,3,0,2,0,2,0
com.irurueta:irurueta-geometry-io,com.irurueta.geometry.io,LoaderSTL,38,209,7,13,13,72,8,21,4,15
com.irurueta:irurueta-geometry-io,com.irurueta.geometry.io,LoaderPLY.LoaderIteratorPLY.Xfloat64ReadValueFromBufferListener,19,0,0,0,4,0,2,0,2,0
com.irurueta:irurueta-geometry-io,com.irurueta.geometry.io,LoaderPLY.LoaderIteratorPLY.AsciiIntReadValueFromStreamListener,12,25,3,1,2,7,2,2,0,2
com.irurueta:irurueta-geometry-io,com.irurueta.geometry.io,LoaderPLY.LoaderIteratorPLY.Zint32ReadValueFromBufferListener,17,0,0,0,3,0,2,0,2,0
com.irurueta:irurueta-geometry-io,com.irurueta.geometry.io,LoaderPLY.LoaderIteratorPLY.ZushortReadValueFromBufferListener,17,0,0,0,3,0,2,0,2,0
com.irurueta:irurueta-geometry-io,com.irurueta.geometry.io,LoaderPLY.LoaderIteratorPLY.BinaryBigEndianUshortReadValueFromStreamListener,19,0,0,0,4,0,2,0,2,0
com.irurueta:irurueta-geometry-io,com.irurueta.geometry.io,LoaderPLY.LoaderIteratorPLY.BlueShortReadValueFromBufferListener,16,0,0,0,3,0,2,0,2,0
com.irurueta:irurueta-geometry-io,com.irurueta.geometry.io,LoaderPLY.LoaderIteratorPLY.BlueUcharReadValueFromBufferListener,0,16,0,0,0,3,0,2,0,2
com.irurueta:irurueta-geometry-io,com.irurueta.geometry.io,LoaderPLY.LoaderIteratorPLY.BinaryBigEndianFloatReadValueFromStreamListener,0,19,0,0,0,4,0,2,0,2
com.irurueta:irurueta-geometry-io,com.irurueta.geometry.io,LoaderPLY.LoaderIteratorPLY.RedUint32ReadValueFromBufferListener,20,0,0,0,4,0,2,0,2,0
com.irurueta:irurueta-geometry-io,com.irurueta.geometry.io,LoaderPLY.LoaderIteratorListenerImpl,1,35,0,2,1,10,0,3,0,2
com.irurueta:irurueta-geometry-io,com.irurueta.geometry.io,LoaderPLY.LoaderIteratorPLY.FaceCharReadValueFromBufferListener,17,0,0,0,3,0,2,0,2,0
com.irurueta:irurueta-geometry-io,com.irurueta.geometry.io,LoaderPLY.LoaderIteratorPLY.ZdoubleReadValueFromBufferListener,19,0,0,0,4,0,2,0,2,0
com.irurueta:irurueta-geometry-io,com.irurueta.geometry.io,LoaderPLY.LoaderIteratorPLY.BinaryLittleEndianFloat64ReadValueFromStreamListener,19,0,0,0,4,0,2,0,2,0
com.irurueta:irurueta-geometry-io,com.irurueta.geometry.io,LoaderPLY.LoaderIteratorPLY.RedDoubleReadValueFromBufferListener,20,0,0,0,4,0,2,0,2,0
com.irurueta:irurueta-geometry-io,com.irurueta.geometry.io,LoaderException,0,16,0,0,0,8,0,4,0,4
com.irurueta:irurueta-geometry-io,com.irurueta.geometry.io,LoaderPLY.LoaderIteratorPLY.AlphaUint32ReadValueFromBufferListener,20,0,0,0,4,0,2,0,2,0
com.irurueta:irurueta-geometry-io,com.irurueta.geometry.io,LoaderPLY.LoaderIteratorPLY.ZucharReadValueFromBufferListener,17,0,0,0,3,0,2,0,2,0
com.irurueta:irurueta-geometry-io,com.irurueta.geometry.io,LoaderPLY.LoaderIteratorPLY.AlphaFloat32ReadValueFromBufferListener,20,0,0,0,4,0,2,0,2,0
com.irurueta:irurueta-geometry-io,com.irurueta.geometry.io,LoaderPLY.LoaderIteratorPLY.BinaryBigEndianUint16ReadValueFromStreamListener,19,0,0,0,4,0,2,0,2,0
com.irurueta:irurueta-geometry-io,com.irurueta.geometry.io,PropertyTypePLY,0,24,0,0,0,3,0,1,0,1
com.irurueta:irurueta-geometry-io,com.irurueta.geometry.io,LoaderPLY.LoaderIteratorPLY.NXuint8ReadValueFromBufferListener,17,0,0,0,3,0,2,0,2,0
com.irurueta:irurueta-geometry-io,com.irurueta.geometry.io,LoaderPLY.LoaderIteratorPLY.RedUshortReadValueFromBufferListener,19,0,0,0,4,0,2,0,2,0
com.irurueta:irurueta-geometry-io,com.irurueta.geometry.io,LoaderPLY.LoaderIteratorPLY.NZfloat64ReadValueFromBufferListener,19,0,0,0,4,0,2,0,2,0
com.irurueta:irurueta-geometry-io,com.irurueta.geometry.io,LoaderPLY.LoaderIteratorPLY.FaceFloat64ReadValueFromBufferListener,19,0,0,0,4,0,2,0,2,0
com.irurueta:irurueta-geometry-io,com.irurueta.geometry.io,CRCDisabledException,0,16,0,0,0,8,0,4,0,4
com.irurueta:irurueta-geometry-io,com.irurueta.geometry.io,LoaderPLY.LoaderIteratorPLY.NXfloat32ReadValueFromBufferListener,16,0,0,0,3,0,2,0,2,0
com.irurueta:irurueta-geometry-io,com.irurueta.geometry.io,LoaderPLY.LoaderIteratorPLY.AsciiUcharReadValueFromStreamListener,6,31,1,3,2,7,1,3,0,2
com.irurueta:irurueta-geometry-io,com.irurueta.geometry.io,LoaderPLY.LoaderIteratorPLY.RedUint8ReadValueFromBufferListener,16,0,0,0,3,0,2,0,2,0
com.irurueta:irurueta-geometry-io,com.irurueta.geometry.io,LoaderPLY.LoaderIteratorPLY.NZucharReadValueFromBufferListener,17,0,0,0,3,0,2,0,2,0
com.irurueta:irurueta-geometry-io,com.irurueta.geometry.io,LoaderPLY.LoaderIteratorPLY.Yint16ReadValueFromBufferListener,17,0,0,0,3,0,2,0,2,0
com.irurueta:irurueta-geometry-io,com.irurueta.geometry.io,LoaderPLY.LoaderIteratorPLY.BinaryBigEndianUint32ReadValueFromStreamListener,19,0,0,0,4,0,2,0,2,0
com.irurueta:irurueta-geometry-io,com.irurueta.geometry.io,MappedFileReaderAndWriter,14,851,7,21,5,197,7,56,0,49
com.irurueta:irurueta-geometry-io,com.irurueta.geometry.io,LoaderPLY.LoaderIteratorPLY.AlphaUint16ReadValueFromBufferListener,19,0,0,0,4,0,2,0,2,0
com.irurueta:irurueta-geometry-io,com.irurueta.geometry.io,LoaderPLY.LoaderIteratorPLY.Xuint32ReadValueFromBufferListener,17,0,0,0,3,0,2,0,2,0
com.irurueta:irurueta-geometry-io,com.irurueta.geometry.io,LoaderPLY.LoaderIteratorPLY.ZshortReadValueFromBufferListener,17,0,0,0,3,0,2,0,2,0
com.irurueta:irurueta-geometry-io,com.irurueta.geometry.io,LoaderPLY.LoaderIteratorPLY.NXintReadValueFromBufferListener,17,0,0,0,3,0,2,0,2,0
com.irurueta:irurueta-geometry-io,com.irurueta.geometry.io,LoaderPLY.LoaderIteratorPLY,2148,1638,324,157,520,379,304,80,2,18
com.irurueta:irurueta-geometry-io,com.irurueta.geometry.io,LoaderPLY.LoaderIteratorPLY.NZushortReadValueFromBufferListener,17,0,0,0,3,0,2,0,2,0
com.irurueta:irurueta-geometry-io,com.irurueta.geometry.io,LoaderPLY.LoaderIteratorPLY.FaceUint16ReadValueFromBufferListener,17,0,0,0,3,0,2,0,2,0
com.irurueta:irurueta-geometry-io,com.irurueta.geometry.io,LoaderPLY.LoaderIteratorPLY.BinaryLittleEndianUshortReadValueFromStreamListener,19,0,0,0,4,0,2,0,2,0
com.irurueta:irurueta-geometry-io,com.irurueta.geometry.io,LoaderPLY.LoaderIteratorPLY.NXushortReadValueFromBufferListener,17,0,0,0,3,0,2,0,2,0
com.irurueta:irurueta-geometry-io,com.irurueta.geometry.io,LoaderPLY,207,859,57,65,49,283,46,48,0,32
com.irurueta:irurueta-geometry-io,com.irurueta.geometry.io,NotReadyException,0,16,0,0,0,8,0,4,0,4
com.irurueta:irurueta-geometry-io,com.irurueta.geometry.io,LoaderPLY.LoaderIteratorPLY.FaceDoubleReadValueFromBufferListener,19,0,0,0,4,0,2,0,2,0
com.irurueta:irurueta-geometry-io,com.irurueta.geometry.io,LoaderPLY.LoaderIteratorPLY.AsciiFloat64ReadValueFromStreamListener,37,0,4,0,9,0,4,0,2,0
com.irurueta:irurueta-geometry-io,com.irurueta.geometry.io,MeshWriter.Listeners,80,90,16,8,23,26,13,9,2,8
com.irurueta:irurueta-geometry-io,com.irurueta.geometry.io,LoaderPLY.LoaderIteratorPLY.YshortReadValueFromBufferListener,17,0,0,0,3,0,2,0,2,0
com.irurueta:irurueta-geometry-io,com.irurueta.geometry.io,LoaderPLY.LoaderIteratorPLY.AlphaFloatReadValueFromBufferListener,20,0,0,0,4,0,2,0,2,0
com.irurueta:irurueta-geometry-io,com.irurueta.geometry.io,LoaderPLY.LoaderIteratorPLY.NXfloat64ReadValueFromBufferListener,19,0,0,0,4,0,2,0,2,0
com.irurueta:irurueta-geometry-io,com.irurueta.geometry.io,LoaderPLY.LoaderIteratorPLY.YdoubleReadValueFromBufferListener,19,0,0,0,4,0,2,0,2,0
com.irurueta:irurueta-geometry-io,com.irurueta.geometry.io,LoaderPLY.LoaderIteratorPLY.NYuint8ReadValueFromBufferListener,17,0,0,0,3,0,2,0,2,0
com.irurueta:irurueta-geometry-io,com.irurueta.geometry.io,LoaderPLY.LoaderIteratorPLY.BinaryLittleEndianUint16ReadValueFromStreamListener,19,0,0,0,4,0,2,0,2,0
com.irurueta:irurueta-geometry-io,com.irurueta.geometry.io,LoaderOBJ.LoaderIteratorListenerImpl,1,30,1,1,1,9,1,2,0,2
com.irurueta:irurueta-geometry-io,com.irurueta.geometry.io,LoaderPLY.LoaderIteratorPLY.Zuint16ReadValueFromBufferListener,17,0,0,0,3,0,2,0,2,0
com.irurueta:irurueta-geometry-io,com.irurueta.geometry.io,LoaderPLY.LoaderIteratorPLY.Zfloat64ReadValueFromBufferListener,19,0,0,0,4,0,2,0,2,0
com.irurueta:irurueta-geometry-io,com.irurueta.geometry.io,Illumination,2,160,1,11,1,28,1,14,0,4
com.irurueta:irurueta-geometry-io,com.irurueta.geometry.io,LoaderPLY.LoaderIteratorPLY.AlphaInt32ReadValueFromBufferListener,19,0,0,0,4,0,2,0,2,0
com.irurueta:irurueta-geometry-io,com.irurueta.geometry.io,LoaderPLY.LoaderIteratorPLY.FaceInt16ReadValueFromBufferListener,17,0,0,0,3,0,2,0,2,0
com.irurueta:irurueta-geometry-io,com.irurueta.geometry.io,Chunk3DS,27,77,0,8,6,20,1,17,1,13
com.irurueta:irurueta-geometry-io,com.irurueta.geometry.io,LoaderPLY.LoaderIteratorPLY.BlueFloat32ReadValueFromBufferListener,20,0,0,0,4,0,2,0,2,0
com.irurueta:irurueta-geometry-io,com.irurueta.geometry.io,LoaderPLY.LoaderIteratorPLY.BinaryLittleEndianFloat32ReadValueFromStreamListener,19,0,0,0,4,0,2,0,2,0
com.irurueta:irurueta-geometry-io,com.irurueta.geometry.io,LoaderPLY.LoaderIteratorPLY.GreenUint16ReadValueFromBufferListener,19,0,0,0,4,0,2,0,2,0
com.irurueta:irurueta-geometry-io,com.irurueta.geometry.io,LoaderPLY.LoaderIteratorPLY.Zint16ReadValueFromBufferListener,17,0,0,0,3,0,2,0,2,0
com.irurueta:irurueta-geometry-io,com.irurueta.geometry.io,LoaderPLY.LoaderIteratorPLY.XuintReadValueFromBufferListener,17,0,0,0,3,0,2,0,2,0
com.irurueta:irurueta-geometry-io,com.irurueta.geometry.io,LoaderPLY.LoaderIteratorPLY.RedUcharReadValueFromBufferListener,0,16,0,0,0,3,0,2,0,2
com.irurueta:irurueta-geometry-io,com.irurueta.geometry.io,LoaderPLY.LoaderIteratorPLY.NZuint8ReadValueFromBufferListener,17,0,0,0,3,0,2,0,2,0
com.irurueta:irurueta-geometry-io,com.irurueta.geometry.io,LoaderPLY.LoaderIteratorPLY.AsciiUint8ReadValueFromStreamListener,37,0,4,0,9,0,4,0,2,0
com.irurueta:irurueta-geometry-io,com.irurueta.geometry.io,LoaderPLY.LoaderIteratorPLY.AlphaUint8ReadValueFromBufferListener,16,0,0,0,3,0,2,0,2,0
com.irurueta:irurueta-geometry-io,com.irurueta.geometry.io,LoaderPLY.LoaderIteratorPLY.AlphaIntReadValueFromBufferListener,19,0,0,0,4,0,2,0,2,0
com.irurueta:irurueta-geometry-io,com.irurueta.geometry.io,LoaderPLY.LoaderIteratorPLY.FaceShortReadValueFromBufferListener,17,0,0,0,3,0,2,0,2,0
com.irurueta:irurueta-geometry-io,com.irurueta.geometry.io,LoaderPLY.LoaderIteratorPLY.FaceFloat32ReadLengthValueFromBufferListener,19,0,0,0,4,0,2,0,2,0
com.irurueta:irurueta-geometry-io,com.irurueta.geometry.io,LoaderPLY.LoaderIteratorPLY.NXuint16ReadValueFromBufferListener,17,0,0,0,3,0,2,0,2,0
com.irurueta:irurueta-geometry-io,com.irurueta.geometry.io,LoaderPLY.LoaderIteratorPLY.NXucharReadValueFromBufferListener,17,0,0,0,3,0,2,0,2,0
com.irurueta:irurueta-geometry-io,com.irurueta.geometry.io,MaterialLoaderOBJ,212,547,55,81,50,129,40,40,0,12
com.irurueta:irurueta-geometry-io,com.irurueta.geometry.io,LoaderPLY.LoaderIteratorPLY.XintReadValueFromBufferListener,17,0,0,0,3,0,2,0,2,0
com.irurueta:irurueta-geometry-io,com.irurueta.geometry.io,LoaderPLY.LoaderIteratorPLY.GreenInt32ReadValueFromBufferListener,19,0,0,0,4,0,2,0,2,0
com.irurueta:irurueta-geometry-io,com.irurueta.geometry.io,LoaderPLY.LoaderIteratorPLY.NXfloatReadValueFromBufferListener,0,16,0,0,0,3,0,2,0,2
com.irurueta:irurueta-geometry-io,com.irurueta.geometry.io,LoaderPLY.LoaderIteratorPLY.XshortReadValueFromBufferListener,17,0,0,0,3,0,2,0,2,0
com.irurueta:irurueta-geometry-io,com.irurueta.geometry.io,LoaderPLY.LoaderIteratorPLY.BlueCharReadValueFromBufferListener,17,0,0,0,3,0,2,0,2,0
com.irurueta:irurueta-geometry-io,com.irurueta.geometry.io,LoaderPLY.LoaderIteratorPLY.NXuintReadValueFromBufferListener,17,0,0,0,3,0,2,0,2,0
com.irurueta:irurueta-geometry-io,com.irurueta.geometry.io,LoaderPLY.LoaderIteratorPLY.GreenUintReadValueFromBufferListener,20,0,0,0,4,0,2,0,2,0
com.irurueta:irurueta-geometry-io,com.irurueta.geometry.io,LoaderPLY.LoaderIteratorPLY.NZint32ReadValueFromBufferListener,17,0,0,0,3,0,2,0,2,0
com.irurueta:irurueta-geometry-io,com.irurueta.geometry.io,LoaderBinary.LoaderIteratorListenerImpl,0,24,1,1,0,7,1,2,0,2
com.irurueta:irurueta-geometry-io,com.irurueta.geometry.io,LoaderPLY.LoaderIteratorPLY.NZintReadValueFromBufferListener,17,0,0,0,3,0,2,0,2,0
com.irurueta:irurueta-geometry-io,com.irurueta.geometry.io,LoaderPLY.LoaderIteratorPLY.ZuintReadValueFromBufferListener,17,0,0,0,3,0,2,0,2,0
com.irurueta:irurueta-geometry-io,com.irurueta.geometry.io,LoaderPLY.LoaderIteratorPLY.GreenIntReadValueFromBufferListener,19,0,0,0,4,0,2,0,2,0
com.irurueta:irurueta-geometry-io,com.irurueta.geometry.io,FileReaderAndWriter,4,614,1,9,1,135,1,57,0,53
com.irurueta:irurueta-geometry-io,com.irurueta.geometry.io,MeshWriter,0,80,0,6,0,23,0,10,0,7
com.irurueta:irurueta-geometry-io,com.irurueta.geometry.io,LoaderPLY.LoaderIteratorPLY.FaceUshortReadValueFromBufferListener,17,0,0,0,3,0,2,0,2,0
com.irurueta:irurueta-geometry-io,com.irurueta.geometry.io,LoaderPLY.LoaderIteratorPLY.Zfloat32ReadValueFromBufferListener,16,0,0,0,3,0,2,0,2,0
com.irurueta:irurueta-geometry-io,com.irurueta.geometry.io,LoaderPLY.LoaderIteratorPLY.RedFloatReadValueFromBufferListener,20,0,0,0,4,0,2,0,2,0
com.irurueta:irurueta-geometry-io,com.irurueta.geometry.io,LoaderPLY.LoaderIteratorPLY.Xint16ReadValueFromBufferListener,17,0,0,0,3,0,2,0,2,0
com.irurueta:irurueta-geometry-io,com.irurueta.geometry.io,LoaderPLY.LoaderIteratorPLY.GreenFloatReadValueFromBufferListener,20,0,0,0,4,0,2,0,2,0
com.irurueta:irurueta-geometry-io,com.irurueta.geometry.io,LoaderPLY.LoaderIteratorPLY.NZdoubleReadValueFromBufferListener,19,0,0,0,4,0,2,0,2,0
com.irurueta:irurueta-geometry-io,com.irurueta.geometry.io,LoaderPLY.LoaderIteratorPLY.NYucharReadValueFromBufferListener,17,0,0,0,3,0,2,0,2,0
com.irurueta:irurueta-geometry-io,com.irurueta.geometry.io,LoaderPLY.LoaderIteratorPLY.AsciiInt8ReadValueFromStreamListener,37,0,4,0,9,0,4,0,2,0
com.irurueta:irurueta-geometry-io,com.irurueta.geometry.io,LoaderPLY.LoaderIteratorPLY.FaceUshortReadLengthValueFromBufferListener,16,0,0,0,3,0,2,0,2,0
com.irurueta:irurueta-geometry-io,com.irurueta.geometry.io,LoaderPLY.LoaderIteratorPLY.RedUintReadValueFromBufferListener,20,0,0,0,4,0,2,0,2,0
com.irurueta:irurueta-geometry-io,com.irurueta.geometry.io,LoaderPLY.LoaderIteratorPLY.NYuint32ReadValueFromBufferListener,17,0,0,0,3,0,2,0,2,0
com.irurueta:irurueta-geometry-io,com.irurueta.geometry.io,LoaderPLY.LoaderIteratorPLY.NYuintReadValueFromBufferListener,17,0,0,0,3,0,2,0,2,0
com.irurueta:irurueta-geometry-io,com.irurueta.geometry.io,LoaderPLY.LoaderIteratorPLY.NZuintReadValueFromBufferListener,17,0,0,0,3,0,2,0,2,0
com.irurueta:irurueta-geometry-io,com.irurueta.geometry.io,LoaderPLY.LoaderIteratorPLY.BinaryLittleEndianShortReadValueFromStreamListener,19,0,0,0,4,0,2,0,2,0
com.irurueta:irurueta-geometry-io,com.irurueta.geometry.io,LoaderPLY.LoaderIteratorPLY.YuintReadValueFromBufferListener,17,0,0,0,3,0,2,0,2,0
com.irurueta:irurueta-geometry-io,com.irurueta.geometry.io,LoaderPLY.LoaderIteratorPLY.NYfloatReadValueFromBufferListener,0,16,0,0,0,3,0,2,0,2
com.irurueta:irurueta-geometry-io,com.irurueta.geometry.io,MeshWriterBinary,108,792,30,92,36,214,30,35,0,4
com.irurueta:irurueta-geometry-io,com.irurueta.geometry.io,LoaderSTL.LoaderIteratorSTL,95,843,21,71,32,188,24,35,3,10
com.irurueta:irurueta-geometry-io,com.irurueta.geometry.io,LoaderPLY.LoaderIteratorPLY.FaceInt8ReadValueFromBufferListener,17,0,0,0,3,0,2,0,2,0
com.irurueta:irurueta-geometry-io,com.irurueta.geometry.io,LoaderPLY.LoaderIteratorPLY.RedInt32ReadValueFromBufferListener,19,0,0,0,4,0,2,0,2,0
com.irurueta:irurueta-geometry-io,com.irurueta.geometry.io,LoaderPLY.LoaderIteratorPLY.BlueUint8ReadValueFromBufferListener,16,0,0,0,3,0,2,0,2,0
com.irurueta:irurueta-geometry-io,com.irurueta.geometry.io,ElementPLY,7,127,4,12,1,32,4,14,0,10
